<?xml version="1.0" encoding="UTF-8"?>
<!-- Generated by org.testng.reporters.JUnitXMLReporter -->
<testsuite ignored="0" hostname="DESKTOP-1Q0EG59" failures="0" tests="3" name="Regression Tests" time="81.846" errors="0" timestamp="05 Jan 2020 23:59:03 GMT">
  <testcase classname="com.crm.qa.testcases.LoginPageTest" name="ValidateTitle" time="0.104"/>
  <testcase classname="com.crm.qa.testcases.LoginPageTest" name="LoginTest" time="6.316"/>
  <testcase classname="com.crm.qa.testcases.HomePageTest" name="NavigateToContactsPage" time="2.56"/>
</testsuite> <!-- Regression Tests -->
