<?xml version="1.0" encoding="UTF-8"?>
<testng-results ignored="0" total="1" passed="1" failed="0" skipped="0">
  <reporter-output>
  </reporter-output>
  <suite started-at="2020-01-08T23:38:57Z" name="Default suite" finished-at="2020-01-08T23:39:31Z" duration-ms="34559">
    <groups>
    </groups>
    <test started-at="2020-01-08T23:38:57Z" name="Default test" finished-at="2020-01-08T23:39:31Z" duration-ms="34559">
      <class name="com.crm.qa.testcases.HomePageTest">
        <test-method is-config="true" signature="setup()[pri:0, instance:com.crm.qa.testcases.HomePageTest@402e37bc]" started-at="2020-01-08T23:38:57Z" name="setup" finished-at="2020-01-08T23:39:29Z" duration-ms="31774" status="PASS">
          <reporter-output>
          </reporter-output>
        </test-method> <!-- setup -->
        <test-method signature="NavigateToContactsPage()[pri:2, instance:com.crm.qa.testcases.HomePageTest@402e37bc]" started-at="2020-01-08T23:39:29Z" name="NavigateToContactsPage" finished-at="2020-01-08T23:39:30Z" duration-ms="1474" status="PASS">
          <reporter-output>
          </reporter-output>
        </test-method> <!-- NavigateToContactsPage -->
        <test-method is-config="true" signature="cleanup()[pri:0, instance:com.crm.qa.testcases.HomePageTest@402e37bc]" started-at="2020-01-08T23:39:30Z" name="cleanup" finished-at="2020-01-08T23:39:31Z" duration-ms="1292" status="PASS">
          <reporter-output>
          </reporter-output>
        </test-method> <!-- cleanup -->
      </class> <!-- com.crm.qa.testcases.HomePageTest -->
    </test> <!-- Default test -->
  </suite> <!-- Default suite -->
</testng-results>
